Search    # features/search.feature
  Search the terms on Google -- @1.1   ...
  Search the terms on Google -- @1.2   ..E
--------------------------------------------------------------------------------
FAILURE in step 'I should see the results' (features/search.feature:11):
Traceback (most recent call last):
  File "/home/priscilla/.local/lib/python3.8/site-packages/behave/model.py", line 1329, in run
    match.run(runner.context)
  File "/home/priscilla/.local/lib/python3.8/site-packages/behave/matchers.py", line 98, in run
    self.func(context, *args, **kwargs)
  File "features/steps/homepage_steps.py", line 31, in get_results
    assert_equals(context.browser.find_element_by_css_selector(home.first_result).text, "Download Python | Python.org")
  File "/home/priscilla/.local/lib/python3.8/site-packages/selenium/webdriver/remote/webdriver.py", line 598, in find_element_by_css_selector
    return self.find_element(by=By.CSS_SELECTOR, value=css_selector)
  File "/home/priscilla/.local/lib/python3.8/site-packages/selenium/webdriver/remote/webdriver.py", line 976, in find_element
    return self.execute(Command.FIND_ELEMENT, {
  File "/home/priscilla/.local/lib/python3.8/site-packages/selenium/webdriver/remote/webdriver.py", line 321, in execute
    self.error_handler.check_response(response)
  File "/home/priscilla/.local/lib/python3.8/site-packages/selenium/webdriver/remote/errorhandler.py", line 242, in check_response
    raise exception_class(message, screen, stacktrace)
selenium.common.exceptions.NoSuchElementException: Message: no such element: Unable to locate element: {"method":"css selector","selector":"#rso > div:nth-child(1) > div > div > div > div > div > div > div.yuRUbf > a > h3"}
  (Session info: chrome=91.0.4472.114)


--------------------------------------------------------------------------------

